2019-05-09 08:07:50 +0000  Initial pipeline context: <IDEDistributionProcessingPipelineContext: 0x7f8bb345a9e0; archive(resolved)='<IDEArchive: 0x7f8bb562e1c0>', distributionTask(resolved)='2', distributionDestination(resolved)='1', distributionMethod(resolved)='<IDEDistributionMethodAdHoc: 0x7f8bd69560a0>', team(resolved)='<IDEProvisioningDisambiguatableBasicTeam: 0x7f8bb3329b60; teamID='LE4V33Q4KQ', teamName='HUAXIAFENGYUN Co., Ltd.', teamType='Company', username='jackei@139.com', isFreeProvisioningTeam='0'>'>
	Chain (12, self inclusive):
	<IDEDistributionProcessingPipelineContext: 0x7f8bb345a9e0; archive = '<IDEArchive: 0x7f8bb562e1c0>', distributionMethod='<IDEDistributionMethodAdHoc: 0x7f8bd69560a0>', team='<IDEProvisioningDisambiguatableBasicTeam: 0x7f8bb3329b60; teamID='LE4V33Q4KQ', teamName='HUAXIAFENGYUN Co., Ltd.', teamType='Company', username='jackei@139.com', isFreeProvisioningTeam='0'>'>
	<IDEDistributionProcessingPipelineContext: 0x7f8bd9d40b60; archive = '<IDEArchive: 0x7f8bb562e1c0>', distributionMethod='<IDEDistributionMethodAdHoc: 0x7f8bd69560a0>', team='<IDEProvisioningDisambiguatableBasicTeam: 0x7f8bb3329b60; teamID='LE4V33Q4KQ', teamName='HUAXIAFENGYUN Co., Ltd.', teamType='Company', username='jackei@139.com', isFreeProvisioningTeam='0'>'>
	<IDEDistributionContext: 0x7f8bb2b53910; archive = '<IDEArchive: 0x7f8bb562e1c0>', distributionMethod='<IDEDistributionMethodAdHoc: 0x7f8bd69560a0>', team='<IDEProvisioningDisambiguatableBasicTeam: 0x7f8bb3329b60; teamID='LE4V33Q4KQ', teamName='HUAXIAFENGYUN Co., Ltd.', teamType='Company', username='jackei@139.com', isFreeProvisioningTeam='0'>'>
	<IDEDistributionContext: 0x7f8bb2fe9ee0; archive = '<IDEArchive: 0x7f8bb562e1c0>', distributionMethod='<IDEDistributionMethodAdHoc: 0x7f8bd69560a0>', team='<IDEProvisioningDisambiguatableBasicTeam: 0x7f8bb3329b60; teamID='LE4V33Q4KQ', teamName='HUAXIAFENGYUN Co., Ltd.', teamType='Company', username='jackei@139.com', isFreeProvisioningTeam='0'>'>
	<IDEDistributionContext: 0x7f8bd0820f20; archive = '<IDEArchive: 0x7f8bb562e1c0>', distributionMethod='<IDEDistributionMethodAdHoc: 0x7f8bd69560a0>', team='<IDEProvisioningDisambiguatableBasicTeam: 0x7f8bb3329b60; teamID='LE4V33Q4KQ', teamName='HUAXIAFENGYUN Co., Ltd.', teamType='Company', username='jackei@139.com', isFreeProvisioningTeam='0'>'>
	<IDEDistributionContext: 0x7f8bb34998b0; archive = '<IDEArchive: 0x7f8bb562e1c0>', distributionMethod='<IDEDistributionMethodAdHoc: 0x7f8bd69560a0>', team='<IDEProvisioningDisambiguatableBasicTeam: 0x7f8bb3329b60; teamID='LE4V33Q4KQ', teamName='HUAXIAFENGYUN Co., Ltd.', teamType='Company', username='jackei@139.com', isFreeProvisioningTeam='0'>'>
	<IDEDistributionContext: 0x7f8bb2aea870; archive = '<IDEArchive: 0x7f8bb562e1c0>', distributionMethod='<IDEDistributionMethodAdHoc: 0x7f8bd69560a0>', team='<IDEProvisioningDisambiguatableBasicTeam: 0x7f8bb3329b60; teamID='LE4V33Q4KQ', teamName='HUAXIAFENGYUN Co., Ltd.', teamType='Company', username='jackei@139.com', isFreeProvisioningTeam='0'>'>
	<IDEDistributionContext: 0x7f8bb29a6fd0; archive = '<IDEArchive: 0x7f8bb562e1c0>', distributionMethod='<IDEDistributionMethodAdHoc: 0x7f8bd69560a0>', team='<IDEProvisioningDisambiguatableBasicTeam: 0x7f8bb3329b60; teamID='LE4V33Q4KQ', teamName='HUAXIAFENGYUN Co., Ltd.', teamType='Company', username='jackei@139.com', isFreeProvisioningTeam='0'>'>
	<IDEDistributionContext: 0x7f8bb35138d0; archive = '<IDEArchive: 0x7f8bb562e1c0>', distributionMethod='<IDEDistributionMethodAdHoc: 0x7f8bd69560a0>', team='<IDEProvisioningDisambiguatableBasicTeam: 0x7f8bb3329b60; teamID='LE4V33Q4KQ', teamName='HUAXIAFENGYUN Co., Ltd.', teamType='Company', username='jackei@139.com', isFreeProvisioningTeam='0'>'>
	<IDEDistributionContext: 0x7f8bd0823970; archive = '<IDEArchive: 0x7f8bb562e1c0>', distributionMethod='<IDEDistributionMethodAdHoc: 0x7f8bd69560a0>', team='(null)'>
	<IDEDistributionContext: 0x7f8bb1fc8490; archive = '<IDEArchive: 0x7f8bb562e1c0>', distributionMethod='<IDEDistributionMethodAdHoc: 0x7f8bd69560a0>', team='(null)'>
	<IDEDistributionContext: 0x7f8bb2dcc1c0; archive = '<IDEArchive: 0x7f8bb562e1c0>', distributionMethod='(null)', team='(null)'>
</IDEDistributionProcessingPipelineContext: 0x7f8bb345a9e0>
2019-05-09 08:07:50 +0000  Processing step: IDEDistributionCreateDestRootStep
2019-05-09 08:07:50 +0000  Processing step: IDEDistributionCopyItemStep
2019-05-09 08:07:50 +0000  Running /usr/bin/ditto '-V' '/Users/hushaojie/Library/Developer/Xcode/Archives/2019-05-09/wujiangconnect 2019-5-9, 4.01 PM.xcarchive/Products/Applications/wujiangconnect.app' '/var/folders/c0/7qy9hm_n1h175wxxnnqxq0rm0000gn/T/XcodeDistPipeline.~~~UXooUA/Root/Payload/wujiangconnect.app'
2019-05-09 08:07:50 +0000  >>> Copying /Users/hushaojie/Library/Developer/Xcode/Archives/2019-05-09/wujiangconnect 2019-5-9, 4.01 PM.xcarchive/Products/Applications/wujiangconnect.app 
2019-05-09 08:07:50 +0000  copying file ./close_editbg.png ... 
2019-05-09 08:07:50 +0000  929 bytes for ./close_editbg.png
2019-05-09 08:07:50 +0000  copying file ./_CodeSignature/CodeResources ... 
28031 bytes for ./_CodeSignature/CodeResources
2019-05-09 08:07:50 +0000  copying file ./blackArrow.png ... 
3799 bytes for ./blackArrow.png
copying file ./zh-Hans.lproj/LaunchScreen.strings ... 
2019-05-09 08:07:50 +0000  338 bytes for ./zh-Hans.lproj/LaunchScreen.strings
2019-05-09 08:07:50 +0000  copying file ./zh-Hans.lproj/Main.strings ... 
1 bytes for ./zh-Hans.lproj/Main.strings
copying file ./zh-Hans.lproj/Localizable.strings ... 
85 bytes for ./zh-Hans.lproj/Localizable.strings
copying file ./zh-Hans.lproj/InfoPlist.strings ... 
2019-05-09 08:07:50 +0000  77 bytes for ./zh-Hans.lproj/InfoPlist.strings
2019-05-09 08:07:50 +0000  copying file ./AppIcon20x20@2x.png ... 
2019-05-09 08:07:50 +0000  2873 bytes for ./AppIcon20x20@2x.png
2019-05-09 08:07:50 +0000  copying file ./AlipaySDK.bundle/shutdown@2x.png ... 
2019-05-09 08:07:50 +0000  222 bytes for ./AlipaySDK.bundle/shutdown@2x.png
2019-05-09 08:07:50 +0000  copying file ./AlipaySDK.bundle/refresh@2x.png ... 
2019-05-09 08:07:50 +0000  605 bytes for ./AlipaySDK.bundle/refresh@2x.png
2019-05-09 08:07:50 +0000  copying file ./AlipaySDK.bundle/refresh_click@2x.png ... 
2019-05-09 08:07:50 +0000  1824 bytes for ./AlipaySDK.bundle/refresh_click@2x.png
2019-05-09 08:07:50 +0000  copying file ./AlipaySDK.bundle/shutdown_click@2x.png ... 
2019-05-09 08:07:50 +0000  1319 bytes for ./AlipaySDK.bundle/shutdown_click@2x.png
2019-05-09 08:07:50 +0000  copying file ./AlipaySDK.bundle/bridge.js ... 
2019-05-09 08:07:50 +0000  3159 bytes for ./AlipaySDK.bundle/bridge.js
copying file ./AlipaySDK.bundle/bar@2x.png ... 
2019-05-09 08:07:50 +0000  1011 bytes for ./AlipaySDK.bundle/bar@2x.png
2019-05-09 08:07:50 +0000  copying file ./AlipaySDK.bundle/alipay_msp_refresh@2x.png ... 
2019-05-09 08:07:50 +0000  663 bytes for ./AlipaySDK.bundle/alipay_msp_refresh@2x.png
2019-05-09 08:07:50 +0000  copying file ./AlipaySDK.bundle/alipay_msp_back@2x.png ... 
2019-05-09 08:07:50 +0000  409 bytes for ./AlipaySDK.bundle/alipay_msp_back@2x.png
2019-05-09 08:07:50 +0000  copying file ./en.lproj/LaunchScreen.strings ... 
2019-05-09 08:07:50 +0000  402 bytes for ./en.lproj/LaunchScreen.strings
2019-05-09 08:07:50 +0000  copying file ./en.lproj/Main.strings ... 
1 bytes for ./en.lproj/Main.strings
copying file ./en.lproj/Localizable.strings ... 
85 bytes for ./en.lproj/Localizable.strings
copying file ./en.lproj/InfoPlist.strings ... 
2019-05-09 08:07:50 +0000  77 bytes for ./en.lproj/InfoPlist.strings
2019-05-09 08:07:50 +0000  copying file ./proxy.pac.gz ... 
2019-05-09 08:07:50 +0000  31347 bytes for ./proxy.pac.gz
2019-05-09 08:07:50 +0000  copying file ./SidebarViewController.nib ... 
2019-05-09 08:07:50 +0000  1382 bytes for ./SidebarViewController.nib
2019-05-09 08:07:50 +0000  copying file ./blueArrow@2x.png ... 
2019-05-09 08:07:50 +0000  894 bytes for ./blueArrow@2x.png
2019-05-09 08:07:50 +0000  copying file ./AppIcon20x20@3x.png ... 
2019-05-09 08:07:50 +0000  4106 bytes for ./AppIcon20x20@3x.png
2019-05-09 08:07:50 +0000  copying file ./grayArrow.png ... 
2019-05-09 08:07:50 +0000  1077 bytes for ./grayArrow.png
2019-05-09 08:07:50 +0000  copying file ./mysong.mp3 ... 
2019-05-09 08:07:50 +0000  26990 bytes for ./mysong.mp3
copying file ./whiteArrow@2x.png ... 
2019-05-09 08:07:50 +0000  869 bytes for ./whiteArrow@2x.png
2019-05-09 08:07:50 +0000  copying file ./PlugIns/VpnTunnel.appex/_CodeSignature/CodeResources ... 
2019-05-09 08:07:50 +0000  3248 bytes for ./PlugIns/VpnTunnel.appex/_CodeSignature/CodeResources
copying file ./PlugIns/VpnTunnel.appex/http.xxx ... 
598 bytes for ./PlugIns/VpnTunnel.appex/http.xxx
copying file ./PlugIns/VpnTunnel.appex/VpnTunnel ... 
2019-05-09 08:07:50 +0000  207296 bytes for ./PlugIns/VpnTunnel.appex/VpnTunnel
2019-05-09 08:07:50 +0000  copying file ./PlugIns/VpnTunnel.appex/socks.xxx ... 
2019-05-09 08:07:50 +0000  355 bytes for ./PlugIns/VpnTunnel.appex/socks.xxx
2019-05-09 08:07:50 +0000  copying file ./PlugIns/VpnTunnel.appex/wujiang.action ... 
2019-05-09 08:07:50 +0000  17900 bytes for ./PlugIns/VpnTunnel.appex/wujiang.action
2019-05-09 08:07:50 +0000  copying file ./PlugIns/VpnTunnel.appex/GeoLite2-Country.mmdb ... 
2019-05-09 08:07:50 +0000  2941434 bytes for ./PlugIns/VpnTunnel.appex/GeoLite2-Country.mmdb
2019-05-09 08:07:50 +0000  copying file ./PlugIns/VpnTunnel.appex/embedded.mobileprovision ... 
2019-05-09 08:07:50 +0000  15838 bytes for ./PlugIns/VpnTunnel.appex/embedded.mobileprovision
2019-05-09 08:07:50 +0000  copying file ./PlugIns/VpnTunnel.appex/Info.plist ... 
896 bytes for ./PlugIns/VpnTunnel.appex/Info.plist
copying file ./blueArrowDown.png ... 
3567 bytes for ./blueArrowDown.png
copying file ./AppIcon60x60@2x.png ... 
2019-05-09 08:07:50 +0000  7844 bytes for ./AppIcon60x60@2x.png
2019-05-09 08:07:50 +0000  copying file ./AppIcon29x29@2x.png ... 
3981 bytes for ./AppIcon29x29@2x.png
copying file ./AppIcon40x40@3x.png ... 
2019-05-09 08:07:50 +0000  7844 bytes for ./AppIcon40x40@3x.png
2019-05-09 08:07:50 +0000  copying file ./AppIcon40x40@2x.png ... 
5406 bytes for ./AppIcon40x40@2x.png
copying file ./AppIcon29x29@3x.png ... 
2019-05-09 08:07:50 +0000  5839 bytes for ./AppIcon29x29@3x.png
2019-05-09 08:07:50 +0000  copying file ./GoogleService-Info.plist ... 
723 bytes for ./GoogleService-Info.plist
copying file ./default_noline@2x.png ... 
2019-05-09 08:07:50 +0000  16305 bytes for ./default_noline@2x.png
2019-05-09 08:07:50 +0000  copying file ./AppIcon60x60@3x.png ... 
2019-05-09 08:07:50 +0000  11466 bytes for ./AppIcon60x60@3x.png
2019-05-09 08:07:50 +0000  copying file ./nav@2x.png ... 
616 bytes for ./nav@2x.png
2019-05-09 08:07:50 +0000  copying file ./Base.lproj/Main.storyboardc/UIViewController-BYZ-38-t0r.nib ... 
2019-05-09 08:07:50 +0000  916 bytes for ./Base.lproj/Main.storyboardc/UIViewController-BYZ-38-t0r.nib
2019-05-09 08:07:50 +0000  copying file ./Base.lproj/Main.storyboardc/BYZ-38-t0r-view-8bC-Xf-vdC.nib ... 
2019-05-09 08:07:50 +0000  1986 bytes for ./Base.lproj/Main.storyboardc/BYZ-38-t0r-view-8bC-Xf-vdC.nib
2019-05-09 08:07:50 +0000  copying file ./Base.lproj/Main.storyboardc/Info.plist ... 
2019-05-09 08:07:50 +0000  258 bytes for ./Base.lproj/Main.storyboardc/Info.plist
2019-05-09 08:07:50 +0000  copying file ./Base.lproj/LaunchScreen.storyboardc/01J-lp-oVM-view-Ze5-6b-2t3.nib ... 
2019-05-09 08:07:50 +0000  4070 bytes for ./Base.lproj/LaunchScreen.storyboardc/01J-lp-oVM-view-Ze5-6b-2t3.nib
copying file ./Base.lproj/LaunchScreen.storyboardc/UIViewController-01J-lp-oVM.nib ... 
2019-05-09 08:07:50 +0000  832 bytes for ./Base.lproj/LaunchScreen.storyboardc/UIViewController-01J-lp-oVM.nib
copying file ./Base.lproj/LaunchScreen.storyboardc/Info.plist ... 
2019-05-09 08:07:50 +0000  258 bytes for ./Base.lproj/LaunchScreen.storyboardc/Info.plist
2019-05-09 08:07:50 +0000  copying file ./mainpage.plist ... 
2019-05-09 08:07:50 +0000  3259 bytes for ./mainpage.plist
2019-05-09 08:07:50 +0000  copying file ./whiteArrow.png ... 
4011 bytes for ./whiteArrow.png
copying file ./login.plist ... 
2019-05-09 08:07:50 +0000  669 bytes for ./login.plist
copying file ./Assets.car ... 
2019-05-09 08:07:50 +0000  3769576 bytes for ./Assets.car
copying file ./public_key.der ... 
2019-05-09 08:07:50 +0000  778 bytes for ./public_key.der
2019-05-09 08:07:50 +0000  copying file ./devicespage.plist ... 
2019-05-09 08:07:50 +0000  394 bytes for ./devicespage.plist
copying file ./blackArrow@2x.png ... 
2019-05-09 08:07:50 +0000  593 bytes for ./blackArrow@2x.png
copying file ./nav_iphonex@2x.png ... 
2019-05-09 08:07:50 +0000  756 bytes for ./nav_iphonex@2x.png
2019-05-09 08:07:50 +0000  copying file ./backs@2x.png ... 
2019-05-09 08:07:50 +0000  460 bytes for ./backs@2x.png
2019-05-09 08:07:50 +0000  copying file ./wujiangconnect.momd/wujiangconnect.mom ... 
2019-05-09 08:07:50 +0000  513 bytes for ./wujiangconnect.momd/wujiangconnect.mom
2019-05-09 08:07:50 +0000  copying file ./wujiangconnect.momd/VersionInfo.plist ... 
165 bytes for ./wujiangconnect.momd/VersionInfo.plist
copying file ./wujiangconnect.momd/wujiangconnect.omo ... 
2019-05-09 08:07:50 +0000  696 bytes for ./wujiangconnect.momd/wujiangconnect.omo
copying file ./blueArrow.png ... 
2019-05-09 08:07:50 +0000  4175 bytes for ./blueArrow.png
copying file ./logoicon.png ... 
2019-05-09 08:07:50 +0000  10454 bytes for ./logoicon.png
2019-05-09 08:07:50 +0000  copying file ./Frameworks/wujiang_sslib.framework/_CodeSignature/CodeResources ... 
2019-05-09 08:07:50 +0000  2078 bytes for ./Frameworks/wujiang_sslib.framework/_CodeSignature/CodeResources
2019-05-09 08:07:50 +0000  copying file ./Frameworks/wujiang_sslib.framework/LICENSE ... 
6279 bytes for ./Frameworks/wujiang_sslib.framework/LICENSE
copying file ./Frameworks/wujiang_sslib.framework/wujiang_sslib ... 
2019-05-09 08:07:50 +0000  2763936 bytes for ./Frameworks/wujiang_sslib.framework/wujiang_sslib
2019-05-09 08:07:50 +0000  copying file ./Frameworks/wujiang_sslib.framework/Info.plist ... 
708 bytes for ./Frameworks/wujiang_sslib.framework/Info.plist
2019-05-09 08:07:50 +0000  copying file ./Frameworks/PacketProcessor.framework/_CodeSignature/CodeResources ... 
2019-05-09 08:07:50 +0000  2374 bytes for ./Frameworks/PacketProcessor.framework/_CodeSignature/CodeResources
2019-05-09 08:07:50 +0000  copying file ./Frameworks/PacketProcessor.framework/PacketProcessor ... 
2019-05-09 08:07:50 +0000  745152 bytes for ./Frameworks/PacketProcessor.framework/PacketProcessor
2019-05-09 08:07:50 +0000  copying file ./Frameworks/PacketProcessor.framework/addr.bproto ... 
2019-05-09 08:07:50 +0000  379 bytes for ./Frameworks/PacketProcessor.framework/addr.bproto
2019-05-09 08:07:50 +0000  copying file ./Frameworks/PacketProcessor.framework/msgproto.bproto ... 
2019-05-09 08:07:50 +0000  1180 bytes for ./Frameworks/PacketProcessor.framework/msgproto.bproto
copying file ./Frameworks/PacketProcessor.framework/Info.plist ... 
2019-05-09 08:07:50 +0000  751 bytes for ./Frameworks/PacketProcessor.framework/Info.plist
2019-05-09 08:07:50 +0000  copying file ./Frameworks/CocoaAsyncSocket.framework/_CodeSignature/CodeResources ... 
2019-05-09 08:07:50 +0000  1798 bytes for ./Frameworks/CocoaAsyncSocket.framework/_CodeSignature/CodeResources
2019-05-09 08:07:50 +0000  copying file ./Frameworks/CocoaAsyncSocket.framework/CocoaAsyncSocket ... 
2019-05-09 08:07:50 +0000  1066464 bytes for ./Frameworks/CocoaAsyncSocket.framework/CocoaAsyncSocket
copying file ./Frameworks/CocoaAsyncSocket.framework/Info.plist ... 
2019-05-09 08:07:50 +0000  761 bytes for ./Frameworks/CocoaAsyncSocket.framework/Info.plist
2019-05-09 08:07:50 +0000  copying file ./embedded.mobileprovision ... 
2019-05-09 08:07:50 +0000  15683 bytes for ./embedded.mobileprovision
2019-05-09 08:07:50 +0000  copying file ./YUFolding_arrow.png ... 
2019-05-09 08:07:50 +0000  408 bytes for ./YUFolding_arrow.png
2019-05-09 08:07:50 +0000  copying file ./Info.plist ... 
2019-05-09 08:07:50 +0000  1583 bytes for ./Info.plist
copying file ./grayArrow@2x.png ... 
2019-05-09 08:07:50 +0000  1737 bytes for ./grayArrow@2x.png
copying file ./wujiangconnect ... 
2019-05-09 08:07:50 +0000  5077792 bytes for ./wujiangconnect
copying file ./PkgInfo ... 
2019-05-09 08:07:50 +0000  8 bytes for ./PkgInfo
2019-05-09 08:07:50 +0000  /usr/bin/ditto exited with 0
2019-05-09 08:07:50 +0000  Processing step: IDEDistributionEmbedProfileStep
2019-05-09 08:07:50 +0000  Skipping profile for item: <IDEDistributionItem: 0x7f8bb2b2d240 'com.robbiehanson.CocoaAsyncSocket' '<DVTFilePath:0x7f8bd9fcaf30:'/Users/hushaojie/Library/Developer/Xcode/Archives/2019-05-09/wujiangconnect 2019-5-9, 4.01 PM.xcarchive/Products/Applications/wujiangconnect.app/Frameworks/CocoaAsyncSocket.framework'>'>
2019-05-09 08:07:50 +0000  Skipping profile for item: <IDEDistributionItem: 0x7f8bd9d147d0 'com.obizsoft.gwcpotatso3' '<DVTFilePath:0x7f8bd6f94d80:'/Users/hushaojie/Library/Developer/Xcode/Archives/2019-05-09/wujiangconnect 2019-5-9, 4.01 PM.xcarchive/Products/Applications/wujiangconnect.app/Frameworks/PacketProcessor.framework'>'>
2019-05-09 08:07:50 +0000  Skipping profile for item: <IDEDistributionItem: 0x7f8bb2a7d1c0 'hxfy.wujiang-sslib' '<DVTFilePath:0x7f8bb322e610:'/Users/hushaojie/Library/Developer/Xcode/Archives/2019-05-09/wujiangconnect 2019-5-9, 4.01 PM.xcarchive/Products/Applications/wujiangconnect.app/Frameworks/wujiang_sslib.framework'>'>
2019-05-09 08:07:50 +0000  Processing step: IDEDistributionAppThinningPlistStep
2019-05-09 08:07:50 +0000  Skipping step: IDEDistributionAppThinningPlistStep because it said so
2019-05-09 08:07:50 +0000  Processing step: IDEDistributionCompileBitcodeStep
2019-05-09 08:07:50 +0000  Skipping step: IDEDistributionCompileBitcodeStep because it said so
2019-05-09 08:07:50 +0000  Processing step: IDEDistributionCodeSlimmingStep
2019-05-09 08:07:50 +0000  Processing step: IDEDistributionCopyBCSymbolMapsStep
2019-05-09 08:07:50 +0000  Skipping step: IDEDistributionCopyBCSymbolMapsStep because it said so
2019-05-09 08:07:50 +0000  Skipping step: IDEDistributionCopyBCSymbolMapsStep because it said so
2019-05-09 08:07:50 +0000  Skipping step: IDEDistributionCopyBCSymbolMapsStep because it said so
2019-05-09 08:07:50 +0000  Skipping step: IDEDistributionCopyBCSymbolMapsStep because it said so
2019-05-09 08:07:50 +0000  Skipping step: IDEDistributionCopyBCSymbolMapsStep because it said so
2019-05-09 08:07:50 +0000  Processing step: IDEDistributionSymbolsStep
2019-05-09 08:07:50 +0000  Skipping step: IDEDistributionSymbolsStep because it said so
2019-05-09 08:07:50 +0000  Skipping step: IDEDistributionSymbolsStep because it said so
2019-05-09 08:07:50 +0000  Skipping step: IDEDistributionSymbolsStep because it said so
2019-05-09 08:07:50 +0000  Skipping step: IDEDistributionSymbolsStep because it said so
2019-05-09 08:07:50 +0000  Skipping step: IDEDistributionSymbolsStep because it said so
2019-05-09 08:07:50 +0000  Processing step: IDEDistributionAppThinningStep
2019-05-09 08:07:50 +0000  Skipping step: IDEDistributionAppThinningStep because it said so
2019-05-09 08:07:50 +0000  Processing step: IDEDistributionArchThinningStep
2019-05-09 08:07:50 +0000  Running /Applications/Xcode.app/Contents/Developer/Toolchains/XcodeDefault.xctoolchain/usr/bin/lipo '/var/folders/c0/7qy9hm_n1h175wxxnnqxq0rm0000gn/T/XcodeDistPipeline.~~~UXooUA/Root/Payload/wujiangconnect.app/Frameworks/CocoaAsyncSocket.framework/CocoaAsyncSocket' '-verify_arch' 'arm64e'
2019-05-09 08:07:50 +0000  /Applications/Xcode.app/Contents/Developer/Toolchains/XcodeDefault.xctoolchain/usr/bin/lipo exited with 1
2019-05-09 08:07:50 +0000  Skipping architecture thinning for item "CocoaAsyncSocket" because arch "arm64e" wasn't found
2019-05-09 08:07:50 +0000  Running /Applications/Xcode.app/Contents/Developer/Toolchains/XcodeDefault.xctoolchain/usr/bin/lipo '/var/folders/c0/7qy9hm_n1h175wxxnnqxq0rm0000gn/T/XcodeDistPipeline.~~~UXooUA/Root/Payload/wujiangconnect.app/Frameworks/PacketProcessor.framework/PacketProcessor' '-verify_arch' 'arm64e'
2019-05-09 08:07:50 +0000  /Applications/Xcode.app/Contents/Developer/Toolchains/XcodeDefault.xctoolchain/usr/bin/lipo exited with 1
2019-05-09 08:07:50 +0000  Skipping architecture thinning for item "PacketProcessor" because arch "arm64e" wasn't found
2019-05-09 08:07:50 +0000  Running /Applications/Xcode.app/Contents/Developer/Toolchains/XcodeDefault.xctoolchain/usr/bin/lipo '/var/folders/c0/7qy9hm_n1h175wxxnnqxq0rm0000gn/T/XcodeDistPipeline.~~~UXooUA/Root/Payload/wujiangconnect.app/Frameworks/wujiang_sslib.framework/wujiang_sslib' '-verify_arch' 'arm64e'
2019-05-09 08:07:50 +0000  /Applications/Xcode.app/Contents/Developer/Toolchains/XcodeDefault.xctoolchain/usr/bin/lipo exited with 1
2019-05-09 08:07:50 +0000  Skipping architecture thinning for item "wujiang_sslib" because arch "arm64e" wasn't found
2019-05-09 08:07:50 +0000  Running /Applications/Xcode.app/Contents/Developer/Toolchains/XcodeDefault.xctoolchain/usr/bin/lipo '/var/folders/c0/7qy9hm_n1h175wxxnnqxq0rm0000gn/T/XcodeDistPipeline.~~~UXooUA/Root/Payload/wujiangconnect.app/PlugIns/VpnTunnel.appex/VpnTunnel' '-verify_arch' 'arm64e'
2019-05-09 08:07:50 +0000  /Applications/Xcode.app/Contents/Developer/Toolchains/XcodeDefault.xctoolchain/usr/bin/lipo exited with 1
2019-05-09 08:07:50 +0000  Skipping architecture thinning for item "VpnTunnel" because arch "arm64e" wasn't found
2019-05-09 08:07:50 +0000  Running /Applications/Xcode.app/Contents/Developer/Toolchains/XcodeDefault.xctoolchain/usr/bin/lipo '/var/folders/c0/7qy9hm_n1h175wxxnnqxq0rm0000gn/T/XcodeDistPipeline.~~~UXooUA/Root/Payload/wujiangconnect.app/wujiangconnect' '-verify_arch' 'arm64e'
2019-05-09 08:07:50 +0000  /Applications/Xcode.app/Contents/Developer/Toolchains/XcodeDefault.xctoolchain/usr/bin/lipo exited with 1
2019-05-09 08:07:50 +0000  Skipping architecture thinning for item "wujiangconnect" because arch "arm64e" wasn't found
2019-05-09 08:07:50 +0000  Processing step: IDEDistributionODRStep
2019-05-09 08:07:50 +0000  Processing step: IDEDistributionStripXattrsStep
2019-05-09 08:07:50 +0000  Skipping stripping extended attributes of item: <IDEDistributionItem: 0x7f8bb2b2d240 'com.robbiehanson.CocoaAsyncSocket' '<DVTFilePath:0x7f8bd9fcaf30:'/Users/hushaojie/Library/Developer/Xcode/Archives/2019-05-09/wujiangconnect 2019-5-9, 4.01 PM.xcarchive/Products/Applications/wujiangconnect.app/Frameworks/CocoaAsyncSocket.framework'>'>
2019-05-09 08:07:50 +0000  Skipping stripping extended attributes of item: <IDEDistributionItem: 0x7f8bd9d147d0 'com.obizsoft.gwcpotatso3' '<DVTFilePath:0x7f8bd6f94d80:'/Users/hushaojie/Library/Developer/Xcode/Archives/2019-05-09/wujiangconnect 2019-5-9, 4.01 PM.xcarchive/Products/Applications/wujiangconnect.app/Frameworks/PacketProcessor.framework'>'>
2019-05-09 08:07:50 +0000  Skipping stripping extended attributes of item: <IDEDistributionItem: 0x7f8bb2a7d1c0 'hxfy.wujiang-sslib' '<DVTFilePath:0x7f8bb322e610:'/Users/hushaojie/Library/Developer/Xcode/Archives/2019-05-09/wujiangconnect 2019-5-9, 4.01 PM.xcarchive/Products/Applications/wujiangconnect.app/Frameworks/wujiang_sslib.framework'>'>
2019-05-09 08:07:50 +0000  Skipping stripping extended attributes of item: <IDEDistributionItem: 0x7f8bc98622b0 'wj.wujiangconnect.VpnTunnel' '<DVTFilePath:0x7f8bb1b1b510:'/Users/hushaojie/Library/Developer/Xcode/Archives/2019-05-09/wujiangconnect 2019-5-9, 4.01 PM.xcarchive/Products/Applications/wujiangconnect.app/PlugIns/VpnTunnel.appex'>'>
2019-05-09 08:07:50 +0000  Running /usr/bin/xattr '-crs' '/var/folders/c0/7qy9hm_n1h175wxxnnqxq0rm0000gn/T/XcodeDistPipeline.~~~UXooUA/Root/Payload/wujiangconnect.app'
2019-05-09 08:07:50 +0000  /usr/bin/xattr exited with 0
2019-05-09 08:07:50 +0000  Processing step: IDEDistributionCodesignStep
2019-05-09 08:07:50 +0000  Entitlements for <IDEDistributionItem: 0x7f8bb2b2d240 'com.robbiehanson.CocoaAsyncSocket' '<DVTFilePath:0x7f8bd9fcaf30:'/Users/hushaojie/Library/Developer/Xcode/Archives/2019-05-09/wujiangconnect 2019-5-9, 4.01 PM.xcarchive/Products/Applications/wujiangconnect.app/Frameworks/CocoaAsyncSocket.framework'>'>: {
}
2019-05-09 08:07:50 +0000  Writing entitlements for <IDEDistributionItem: 0x7f8bb2b2d240 'com.robbiehanson.CocoaAsyncSocket' '<DVTFilePath:0x7f8bd9fcaf30:'/Users/hushaojie/Library/Developer/Xcode/Archives/2019-05-09/wujiangconnect 2019-5-9, 4.01 PM.xcarchive/Products/Applications/wujiangconnect.app/Frameworks/CocoaAsyncSocket.framework'>'> to: /var/folders/c0/7qy9hm_n1h175wxxnnqxq0rm0000gn/T/XcodeDistPipeline.~~~UXooUA/entitlements~~~kFnIXR
2019-05-09 08:07:51 +0000  Running /usr/bin/codesign '-vvv' '--force' '--sign' 'BDC7D379F81489305236DF32D3D785C55F919612' '--entitlements' '/var/folders/c0/7qy9hm_n1h175wxxnnqxq0rm0000gn/T/XcodeDistPipeline.~~~UXooUA/entitlements~~~kFnIXR' '--preserve-metadata=identifier,flags,runtime' '/var/folders/c0/7qy9hm_n1h175wxxnnqxq0rm0000gn/T/XcodeDistPipeline.~~~UXooUA/Root/Payload/wujiangconnect.app/Frameworks/CocoaAsyncSocket.framework'
2019-05-09 08:07:51 +0000  /var/folders/c0/7qy9hm_n1h175wxxnnqxq0rm0000gn/T/XcodeDistPipeline.~~~UXooUA/Root/Payload/wujiangconnect.app/Frameworks/CocoaAsyncSocket.framework: replacing existing signature
2019-05-09 08:07:51 +0000  /var/folders/c0/7qy9hm_n1h175wxxnnqxq0rm0000gn/T/XcodeDistPipeline.~~~UXooUA/Root/Payload/wujiangconnect.app/Frameworks/CocoaAsyncSocket.framework: signed bundle with Mach-O universal (armv7 arm64) [com.robbiehanson.CocoaAsyncSocket]
2019-05-09 08:07:51 +0000  /usr/bin/codesign exited with 0
2019-05-09 08:07:51 +0000  Entitlements for <IDEDistributionItem: 0x7f8bd9d147d0 'com.obizsoft.gwcpotatso3' '<DVTFilePath:0x7f8bd6f94d80:'/Users/hushaojie/Library/Developer/Xcode/Archives/2019-05-09/wujiangconnect 2019-5-9, 4.01 PM.xcarchive/Products/Applications/wujiangconnect.app/Frameworks/PacketProcessor.framework'>'>: {
}
2019-05-09 08:07:51 +0000  Writing entitlements for <IDEDistributionItem: 0x7f8bd9d147d0 'com.obizsoft.gwcpotatso3' '<DVTFilePath:0x7f8bd6f94d80:'/Users/hushaojie/Library/Developer/Xcode/Archives/2019-05-09/wujiangconnect 2019-5-9, 4.01 PM.xcarchive/Products/Applications/wujiangconnect.app/Frameworks/PacketProcessor.framework'>'> to: /var/folders/c0/7qy9hm_n1h175wxxnnqxq0rm0000gn/T/XcodeDistPipeline.~~~UXooUA/entitlements~~~GMKXgx
2019-05-09 08:07:51 +0000  Running /usr/bin/codesign '-vvv' '--force' '--sign' 'BDC7D379F81489305236DF32D3D785C55F919612' '--entitlements' '/var/folders/c0/7qy9hm_n1h175wxxnnqxq0rm0000gn/T/XcodeDistPipeline.~~~UXooUA/entitlements~~~GMKXgx' '--preserve-metadata=identifier,flags,runtime' '/var/folders/c0/7qy9hm_n1h175wxxnnqxq0rm0000gn/T/XcodeDistPipeline.~~~UXooUA/Root/Payload/wujiangconnect.app/Frameworks/PacketProcessor.framework'
2019-05-09 08:07:52 +0000  /var/folders/c0/7qy9hm_n1h175wxxnnqxq0rm0000gn/T/XcodeDistPipeline.~~~UXooUA/Root/Payload/wujiangconnect.app/Frameworks/PacketProcessor.framework: replacing existing signature
2019-05-09 08:07:52 +0000  /var/folders/c0/7qy9hm_n1h175wxxnnqxq0rm0000gn/T/XcodeDistPipeline.~~~UXooUA/Root/Payload/wujiangconnect.app/Frameworks/PacketProcessor.framework: signed bundle with Mach-O universal (armv7 arm64) [com.obizsoft.gwcpotatso3]
2019-05-09 08:07:52 +0000  /usr/bin/codesign exited with 0
2019-05-09 08:07:52 +0000  Entitlements for <IDEDistributionItem: 0x7f8bb2a7d1c0 'hxfy.wujiang-sslib' '<DVTFilePath:0x7f8bb322e610:'/Users/hushaojie/Library/Developer/Xcode/Archives/2019-05-09/wujiangconnect 2019-5-9, 4.01 PM.xcarchive/Products/Applications/wujiangconnect.app/Frameworks/wujiang_sslib.framework'>'>: {
}
2019-05-09 08:07:52 +0000  Writing entitlements for <IDEDistributionItem: 0x7f8bb2a7d1c0 'hxfy.wujiang-sslib' '<DVTFilePath:0x7f8bb322e610:'/Users/hushaojie/Library/Developer/Xcode/Archives/2019-05-09/wujiangconnect 2019-5-9, 4.01 PM.xcarchive/Products/Applications/wujiangconnect.app/Frameworks/wujiang_sslib.framework'>'> to: /var/folders/c0/7qy9hm_n1h175wxxnnqxq0rm0000gn/T/XcodeDistPipeline.~~~UXooUA/entitlements~~~0Do7Nn
2019-05-09 08:07:52 +0000  Running /usr/bin/codesign '-vvv' '--force' '--sign' 'BDC7D379F81489305236DF32D3D785C55F919612' '--entitlements' '/var/folders/c0/7qy9hm_n1h175wxxnnqxq0rm0000gn/T/XcodeDistPipeline.~~~UXooUA/entitlements~~~0Do7Nn' '--preserve-metadata=identifier,flags,runtime' '/var/folders/c0/7qy9hm_n1h175wxxnnqxq0rm0000gn/T/XcodeDistPipeline.~~~UXooUA/Root/Payload/wujiangconnect.app/Frameworks/wujiang_sslib.framework'
2019-05-09 08:07:52 +0000  /var/folders/c0/7qy9hm_n1h175wxxnnqxq0rm0000gn/T/XcodeDistPipeline.~~~UXooUA/Root/Payload/wujiangconnect.app/Frameworks/wujiang_sslib.framework: replacing existing signature
2019-05-09 08:07:52 +0000  /var/folders/c0/7qy9hm_n1h175wxxnnqxq0rm0000gn/T/XcodeDistPipeline.~~~UXooUA/Root/Payload/wujiangconnect.app/Frameworks/wujiang_sslib.framework: signed bundle with Mach-O universal (armv7 arm64) [hxfy.wujiang-sslib]
2019-05-09 08:07:52 +0000  /usr/bin/codesign exited with 0
2019-05-09 08:07:52 +0000  Entitlements for <IDEDistributionItem: 0x7f8bc98622b0 'wj.wujiangconnect.VpnTunnel' '<DVTFilePath:0x7f8bb1b1b510:'/Users/hushaojie/Library/Developer/Xcode/Archives/2019-05-09/wujiangconnect 2019-5-9, 4.01 PM.xcarchive/Products/Applications/wujiangconnect.app/PlugIns/VpnTunnel.appex'>'>: {
    "application-identifier" = "LE4V33Q4KQ.wj.wujiangconnect.VpnTunnel";
    "com.apple.developer.networking.networkextension" =     (
        "app-proxy-provider",
        "content-filter-provider",
        "packet-tunnel-provider"
    );
    "com.apple.developer.networking.vpn.api" =     (
        "allow-vpn"
    );
    "com.apple.developer.team-identifier" = LE4V33Q4KQ;
    "get-task-allow" = 0;
}
2019-05-09 08:07:52 +0000  Writing entitlements for <IDEDistributionItem: 0x7f8bc98622b0 'wj.wujiangconnect.VpnTunnel' '<DVTFilePath:0x7f8bb1b1b510:'/Users/hushaojie/Library/Developer/Xcode/Archives/2019-05-09/wujiangconnect 2019-5-9, 4.01 PM.xcarchive/Products/Applications/wujiangconnect.app/PlugIns/VpnTunnel.appex'>'> to: /var/folders/c0/7qy9hm_n1h175wxxnnqxq0rm0000gn/T/XcodeDistPipeline.~~~UXooUA/entitlements~~~j1fI1c
2019-05-09 08:07:52 +0000  Running /usr/bin/codesign '-vvv' '--force' '--sign' 'BDC7D379F81489305236DF32D3D785C55F919612' '--entitlements' '/var/folders/c0/7qy9hm_n1h175wxxnnqxq0rm0000gn/T/XcodeDistPipeline.~~~UXooUA/entitlements~~~j1fI1c' '--preserve-metadata=identifier,flags,runtime' '/var/folders/c0/7qy9hm_n1h175wxxnnqxq0rm0000gn/T/XcodeDistPipeline.~~~UXooUA/Root/Payload/wujiangconnect.app/PlugIns/VpnTunnel.appex'
2019-05-09 08:07:52 +0000  /var/folders/c0/7qy9hm_n1h175wxxnnqxq0rm0000gn/T/XcodeDistPipeline.~~~UXooUA/Root/Payload/wujiangconnect.app/PlugIns/VpnTunnel.appex: replacing existing signature
2019-05-09 08:07:52 +0000  /var/folders/c0/7qy9hm_n1h175wxxnnqxq0rm0000gn/T/XcodeDistPipeline.~~~UXooUA/Root/Payload/wujiangconnect.app/PlugIns/VpnTunnel.appex: signed bundle with Mach-O universal (armv7 arm64) [wj.wujiangconnect.VpnTunnel]
2019-05-09 08:07:52 +0000  /usr/bin/codesign exited with 0
2019-05-09 08:07:52 +0000  Entitlements for <IDEDistributionItem: 0x7f8bcf981a60 'wj.wujiangconnect' '<DVTFilePath:0x7f8bb1c7e2a0:'/Users/hushaojie/Library/Developer/Xcode/Archives/2019-05-09/wujiangconnect 2019-5-9, 4.01 PM.xcarchive/Products/Applications/wujiangconnect.app'>'>: {
    "application-identifier" = "LE4V33Q4KQ.wj.wujiangconnect";
    "com.apple.developer.networking.networkextension" =     (
        "app-proxy-provider",
        "content-filter-provider",
        "packet-tunnel-provider"
    );
    "com.apple.developer.networking.vpn.api" =     (
        "allow-vpn"
    );
    "com.apple.developer.team-identifier" = LE4V33Q4KQ;
    "get-task-allow" = 0;
}
2019-05-09 08:07:52 +0000  Writing entitlements for <IDEDistributionItem: 0x7f8bcf981a60 'wj.wujiangconnect' '<DVTFilePath:0x7f8bb1c7e2a0:'/Users/hushaojie/Library/Developer/Xcode/Archives/2019-05-09/wujiangconnect 2019-5-9, 4.01 PM.xcarchive/Products/Applications/wujiangconnect.app'>'> to: /var/folders/c0/7qy9hm_n1h175wxxnnqxq0rm0000gn/T/XcodeDistPipeline.~~~UXooUA/entitlements~~~Ub4aoJ
2019-05-09 08:07:52 +0000  Running /usr/bin/codesign '-vvv' '--force' '--sign' 'BDC7D379F81489305236DF32D3D785C55F919612' '--entitlements' '/var/folders/c0/7qy9hm_n1h175wxxnnqxq0rm0000gn/T/XcodeDistPipeline.~~~UXooUA/entitlements~~~Ub4aoJ' '--preserve-metadata=identifier,flags,runtime' '/var/folders/c0/7qy9hm_n1h175wxxnnqxq0rm0000gn/T/XcodeDistPipeline.~~~UXooUA/Root/Payload/wujiangconnect.app'
2019-05-09 08:07:52 +0000  /var/folders/c0/7qy9hm_n1h175wxxnnqxq0rm0000gn/T/XcodeDistPipeline.~~~UXooUA/Root/Payload/wujiangconnect.app: replacing existing signature
2019-05-09 08:07:52 +0000  /var/folders/c0/7qy9hm_n1h175wxxnnqxq0rm0000gn/T/XcodeDistPipeline.~~~UXooUA/Root/Payload/wujiangconnect.app: signed app bundle with Mach-O universal (armv7 arm64) [wj.wujiangconnect]
2019-05-09 08:07:52 +0000  /usr/bin/codesign exited with 0
2019-05-09 08:07:52 +0000  Processing step: IDEDistributionZipODRItemStep
2019-05-09 08:07:52 +0000  Skipping step: IDEDistributionZipODRItemStep because it said so
2019-05-09 08:07:52 +0000  Skipping step: IDEDistributionZipODRItemStep because it said so
2019-05-09 08:07:52 +0000  Skipping step: IDEDistributionZipODRItemStep because it said so
2019-05-09 08:07:52 +0000  Skipping step: IDEDistributionZipODRItemStep because it said so
2019-05-09 08:07:52 +0000  Skipping step: IDEDistributionZipODRItemStep because it said so
2019-05-09 08:07:52 +0000  Processing step: IDEDistributionCreateIPAStep
2019-05-09 08:07:52 +0000  Running /usr/bin/ditto '-V' '-c' '-k' '--norsrc' '/var/folders/c0/7qy9hm_n1h175wxxnnqxq0rm0000gn/T/XcodeDistPipeline.~~~UXooUA/Root' '/var/folders/c0/7qy9hm_n1h175wxxnnqxq0rm0000gn/T/XcodeDistPipeline.~~~UXooUA/Packages/wujiangconnect.ipa'
2019-05-09 08:07:52 +0000  >>> Copying /var/folders/c0/7qy9hm_n1h175wxxnnqxq0rm0000gn/T/XcodeDistPipeline.~~~UXooUA/Root 
2019-05-09 08:07:52 +0000  copying file ./Payload/wujiangconnect.app/close_editbg.png ... 
2019-05-09 08:07:52 +0000  929 bytes for ./Payload/wujiangconnect.app/close_editbg.png
copying file ./Payload/wujiangconnect.app/_CodeSignature/CodeResources ... 
28031 bytes for ./Payload/wujiangconnect.app/_CodeSignature/CodeResources
2019-05-09 08:07:52 +0000  copying file ./Payload/wujiangconnect.app/blackArrow.png ... 
2019-05-09 08:07:52 +0000  3799 bytes for ./Payload/wujiangconnect.app/blackArrow.png
copying file ./Payload/wujiangconnect.app/zh-Hans.lproj/LaunchScreen.strings ... 
2019-05-09 08:07:52 +0000  338 bytes for ./Payload/wujiangconnect.app/zh-Hans.lproj/LaunchScreen.strings
2019-05-09 08:07:52 +0000  copying file ./Payload/wujiangconnect.app/zh-Hans.lproj/Main.strings ... 
2019-05-09 08:07:52 +0000  1 bytes for ./Payload/wujiangconnect.app/zh-Hans.lproj/Main.strings
copying file ./Payload/wujiangconnect.app/zh-Hans.lproj/Localizable.strings ... 
2019-05-09 08:07:52 +0000  85 bytes for ./Payload/wujiangconnect.app/zh-Hans.lproj/Localizable.strings
copying file ./Payload/wujiangconnect.app/zh-Hans.lproj/InfoPlist.strings ... 
2019-05-09 08:07:52 +0000  77 bytes for ./Payload/wujiangconnect.app/zh-Hans.lproj/InfoPlist.strings
2019-05-09 08:07:52 +0000  copying file ./Payload/wujiangconnect.app/AppIcon20x20@2x.png ... 
2019-05-09 08:07:52 +0000  2873 bytes for ./Payload/wujiangconnect.app/AppIcon20x20@2x.png
2019-05-09 08:07:52 +0000  copying file ./Payload/wujiangconnect.app/AlipaySDK.bundle/shutdown@2x.png ... 
2019-05-09 08:07:52 +0000  222 bytes for ./Payload/wujiangconnect.app/AlipaySDK.bundle/shutdown@2x.png
2019-05-09 08:07:52 +0000  copying file ./Payload/wujiangconnect.app/AlipaySDK.bundle/refresh@2x.png ... 
2019-05-09 08:07:52 +0000  605 bytes for ./Payload/wujiangconnect.app/AlipaySDK.bundle/refresh@2x.png
2019-05-09 08:07:52 +0000  copying file ./Payload/wujiangconnect.app/AlipaySDK.bundle/refresh_click@2x.png ... 
2019-05-09 08:07:52 +0000  1824 bytes for ./Payload/wujiangconnect.app/AlipaySDK.bundle/refresh_click@2x.png
2019-05-09 08:07:52 +0000  copying file ./Payload/wujiangconnect.app/AlipaySDK.bundle/shutdown_click@2x.png ... 
2019-05-09 08:07:52 +0000  1319 bytes for ./Payload/wujiangconnect.app/AlipaySDK.bundle/shutdown_click@2x.png
2019-05-09 08:07:52 +0000  copying file ./Payload/wujiangconnect.app/AlipaySDK.bundle/bridge.js ... 
2019-05-09 08:07:52 +0000  3159 bytes for ./Payload/wujiangconnect.app/AlipaySDK.bundle/bridge.js
2019-05-09 08:07:52 +0000  copying file ./Payload/wujiangconnect.app/AlipaySDK.bundle/bar@2x.png ... 
2019-05-09 08:07:52 +0000  1011 bytes for ./Payload/wujiangconnect.app/AlipaySDK.bundle/bar@2x.png
2019-05-09 08:07:52 +0000  copying file ./Payload/wujiangconnect.app/AlipaySDK.bundle/alipay_msp_refresh@2x.png ... 
2019-05-09 08:07:52 +0000  663 bytes for ./Payload/wujiangconnect.app/AlipaySDK.bundle/alipay_msp_refresh@2x.png
copying file ./Payload/wujiangconnect.app/AlipaySDK.bundle/alipay_msp_back@2x.png ... 
2019-05-09 08:07:52 +0000  409 bytes for ./Payload/wujiangconnect.app/AlipaySDK.bundle/alipay_msp_back@2x.png
2019-05-09 08:07:52 +0000  copying file ./Payload/wujiangconnect.app/en.lproj/LaunchScreen.strings ... 
2019-05-09 08:07:52 +0000  402 bytes for ./Payload/wujiangconnect.app/en.lproj/LaunchScreen.strings
2019-05-09 08:07:52 +0000  copying file ./Payload/wujiangconnect.app/en.lproj/Main.strings ... 
1 bytes for ./Payload/wujiangconnect.app/en.lproj/Main.strings
copying file ./Payload/wujiangconnect.app/en.lproj/Localizable.strings ... 
2019-05-09 08:07:52 +0000  85 bytes for ./Payload/wujiangconnect.app/en.lproj/Localizable.strings
copying file ./Payload/wujiangconnect.app/en.lproj/InfoPlist.strings ... 
2019-05-09 08:07:52 +0000  77 bytes for ./Payload/wujiangconnect.app/en.lproj/InfoPlist.strings
copying file ./Payload/wujiangconnect.app/proxy.pac.gz ... 
2019-05-09 08:07:52 +0000  31347 bytes for ./Payload/wujiangconnect.app/proxy.pac.gz
2019-05-09 08:07:52 +0000  copying file ./Payload/wujiangconnect.app/SidebarViewController.nib ... 
1382 bytes for ./Payload/wujiangconnect.app/SidebarViewController.nib
copying file ./Payload/wujiangconnect.app/blueArrow@2x.png ... 
894 bytes for ./Payload/wujiangconnect.app/blueArrow@2x.png
copying file ./Payload/wujiangconnect.app/AppIcon20x20@3x.png ... 
4106 bytes for ./Payload/wujiangconnect.app/AppIcon20x20@3x.png
copying file ./Payload/wujiangconnect.app/grayArrow.png ... 
1077 bytes for ./Payload/wujiangconnect.app/grayArrow.png
copying file ./Payload/wujiangconnect.app/mysong.mp3 ... 
2019-05-09 08:07:52 +0000  26990 bytes for ./Payload/wujiangconnect.app/mysong.mp3
copying file ./Payload/wujiangconnect.app/whiteArrow@2x.png ... 
2019-05-09 08:07:52 +0000  869 bytes for ./Payload/wujiangconnect.app/whiteArrow@2x.png
2019-05-09 08:07:52 +0000  copying file ./Payload/wujiangconnect.app/PlugIns/VpnTunnel.appex/_CodeSignature/CodeResources ... 
2019-05-09 08:07:52 +0000  3248 bytes for ./Payload/wujiangconnect.app/PlugIns/VpnTunnel.appex/_CodeSignature/CodeResources
2019-05-09 08:07:52 +0000  copying file ./Payload/wujiangconnect.app/PlugIns/VpnTunnel.appex/http.xxx ... 
2019-05-09 08:07:52 +0000  598 bytes for ./Payload/wujiangconnect.app/PlugIns/VpnTunnel.appex/http.xxx
2019-05-09 08:07:52 +0000  copying file ./Payload/wujiangconnect.app/PlugIns/VpnTunnel.appex/VpnTunnel ... 
2019-05-09 08:07:52 +0000  207312 bytes for ./Payload/wujiangconnect.app/PlugIns/VpnTunnel.appex/VpnTunnel
2019-05-09 08:07:52 +0000  copying file ./Payload/wujiangconnect.app/PlugIns/VpnTunnel.appex/socks.xxx ... 
355 bytes for ./Payload/wujiangconnect.app/PlugIns/VpnTunnel.appex/socks.xxx
copying file ./Payload/wujiangconnect.app/PlugIns/VpnTunnel.appex/wujiang.action ... 
17900 bytes for ./Payload/wujiangconnect.app/PlugIns/VpnTunnel.appex/wujiang.action
copying file ./Payload/wujiangconnect.app/PlugIns/VpnTunnel.appex/GeoLite2-Country.mmdb ... 
2019-05-09 08:07:53 +0000  2941434 bytes for ./Payload/wujiangconnect.app/PlugIns/VpnTunnel.appex/GeoLite2-Country.mmdb
2019-05-09 08:07:53 +0000  copying file ./Payload/wujiangconnect.app/PlugIns/VpnTunnel.appex/embedded.mobileprovision ... 
10048 bytes for ./Payload/wujiangconnect.app/PlugIns/VpnTunnel.appex/embedded.mobileprovision
copying file ./Payload/wujiangconnect.app/PlugIns/VpnTunnel.appex/Info.plist ... 
896 bytes for ./Payload/wujiangconnect.app/PlugIns/VpnTunnel.appex/Info.plist
copying file ./Payload/wujiangconnect.app/blueArrowDown.png ... 
3567 bytes for ./Payload/wujiangconnect.app/blueArrowDown.png
copying file ./Payload/wujiangconnect.app/AppIcon60x60@2x.png ... 
2019-05-09 08:07:53 +0000  7844 bytes for ./Payload/wujiangconnect.app/AppIcon60x60@2x.png
copying file ./Payload/wujiangconnect.app/AppIcon29x29@2x.png ... 
2019-05-09 08:07:53 +0000  3981 bytes for ./Payload/wujiangconnect.app/AppIcon29x29@2x.png
copying file ./Payload/wujiangconnect.app/AppIcon40x40@3x.png ... 
2019-05-09 08:07:53 +0000  7844 bytes for ./Payload/wujiangconnect.app/AppIcon40x40@3x.png
2019-05-09 08:07:53 +0000  copying file ./Payload/wujiangconnect.app/AppIcon40x40@2x.png ... 
2019-05-09 08:07:53 +0000  5406 bytes for ./Payload/wujiangconnect.app/AppIcon40x40@2x.png
copying file ./Payload/wujiangconnect.app/AppIcon29x29@3x.png ... 
2019-05-09 08:07:53 +0000  5839 bytes for ./Payload/wujiangconnect.app/AppIcon29x29@3x.png
2019-05-09 08:07:53 +0000  copying file ./Payload/wujiangconnect.app/GoogleService-Info.plist ... 
2019-05-09 08:07:53 +0000  723 bytes for ./Payload/wujiangconnect.app/GoogleService-Info.plist
copying file ./Payload/wujiangconnect.app/default_noline@2x.png ... 
2019-05-09 08:07:53 +0000  16305 bytes for ./Payload/wujiangconnect.app/default_noline@2x.png
2019-05-09 08:07:53 +0000  copying file ./Payload/wujiangconnect.app/AppIcon60x60@3x.png ... 
2019-05-09 08:07:53 +0000  11466 bytes for ./Payload/wujiangconnect.app/AppIcon60x60@3x.png
2019-05-09 08:07:53 +0000  copying file ./Payload/wujiangconnect.app/nav@2x.png ... 
616 bytes for ./Payload/wujiangconnect.app/nav@2x.png
2019-05-09 08:07:53 +0000  copying file ./Payload/wujiangconnect.app/Base.lproj/Main.storyboardc/UIViewController-BYZ-38-t0r.nib ... 
2019-05-09 08:07:53 +0000  916 bytes for ./Payload/wujiangconnect.app/Base.lproj/Main.storyboardc/UIViewController-BYZ-38-t0r.nib
2019-05-09 08:07:53 +0000  copying file ./Payload/wujiangconnect.app/Base.lproj/Main.storyboardc/BYZ-38-t0r-view-8bC-Xf-vdC.nib ... 
2019-05-09 08:07:53 +0000  1986 bytes for ./Payload/wujiangconnect.app/Base.lproj/Main.storyboardc/BYZ-38-t0r-view-8bC-Xf-vdC.nib
copying file ./Payload/wujiangconnect.app/Base.lproj/Main.storyboardc/Info.plist ... 
2019-05-09 08:07:53 +0000  258 bytes for ./Payload/wujiangconnect.app/Base.lproj/Main.storyboardc/Info.plist
2019-05-09 08:07:53 +0000  copying file ./Payload/wujiangconnect.app/Base.lproj/LaunchScreen.storyboardc/01J-lp-oVM-view-Ze5-6b-2t3.nib ... 
2019-05-09 08:07:53 +0000  4070 bytes for ./Payload/wujiangconnect.app/Base.lproj/LaunchScreen.storyboardc/01J-lp-oVM-view-Ze5-6b-2t3.nib
copying file ./Payload/wujiangconnect.app/Base.lproj/LaunchScreen.storyboardc/UIViewController-01J-lp-oVM.nib ... 
2019-05-09 08:07:53 +0000  832 bytes for ./Payload/wujiangconnect.app/Base.lproj/LaunchScreen.storyboardc/UIViewController-01J-lp-oVM.nib
copying file ./Payload/wujiangconnect.app/Base.lproj/LaunchScreen.storyboardc/Info.plist ... 
258 bytes for ./Payload/wujiangconnect.app/Base.lproj/LaunchScreen.storyboardc/Info.plist
2019-05-09 08:07:53 +0000  copying file ./Payload/wujiangconnect.app/mainpage.plist ... 
2019-05-09 08:07:53 +0000  3259 bytes for ./Payload/wujiangconnect.app/mainpage.plist
copying file ./Payload/wujiangconnect.app/whiteArrow.png ... 
2019-05-09 08:07:53 +0000  4011 bytes for ./Payload/wujiangconnect.app/whiteArrow.png
2019-05-09 08:07:53 +0000  copying file ./Payload/wujiangconnect.app/login.plist ... 
669 bytes for ./Payload/wujiangconnect.app/login.plist
2019-05-09 08:07:53 +0000  copying file ./Payload/wujiangconnect.app/Assets.car ... 
2019-05-09 08:07:53 +0000  3769576 bytes for ./Payload/wujiangconnect.app/Assets.car
2019-05-09 08:07:53 +0000  copying file ./Payload/wujiangconnect.app/public_key.der ... 
778 bytes for ./Payload/wujiangconnect.app/public_key.der
copying file ./Payload/wujiangconnect.app/devicespage.plist ... 
394 bytes for ./Payload/wujiangconnect.app/devicespage.plist
copying file ./Payload/wujiangconnect.app/blackArrow@2x.png ... 
593 bytes for ./Payload/wujiangconnect.app/blackArrow@2x.png
copying file ./Payload/wujiangconnect.app/nav_iphonex@2x.png ... 
756 bytes for ./Payload/wujiangconnect.app/nav_iphonex@2x.png
copying file ./Payload/wujiangconnect.app/backs@2x.png ... 
460 bytes for ./Payload/wujiangconnect.app/backs@2x.png
copying file ./Payload/wujiangconnect.app/wujiangconnect.momd/wujiangconnect.mom ... 
513 bytes for ./Payload/wujiangconnect.app/wujiangconnect.momd/wujiangconnect.mom
2019-05-09 08:07:53 +0000  copying file ./Payload/wujiangconnect.app/wujiangconnect.momd/VersionInfo.plist ... 
165 bytes for ./Payload/wujiangconnect.app/wujiangconnect.momd/VersionInfo.plist
2019-05-09 08:07:53 +0000  copying file ./Payload/wujiangconnect.app/wujiangconnect.momd/wujiangconnect.omo ... 
696 bytes for ./Payload/wujiangconnect.app/wujiangconnect.momd/wujiangconnect.omo
copying file ./Payload/wujiangconnect.app/blueArrow.png ... 
2019-05-09 08:07:53 +0000  4175 bytes for ./Payload/wujiangconnect.app/blueArrow.png
copying file ./Payload/wujiangconnect.app/logoicon.png ... 
2019-05-09 08:07:53 +0000  10454 bytes for ./Payload/wujiangconnect.app/logoicon.png
2019-05-09 08:07:53 +0000  copying file ./Payload/wujiangconnect.app/Frameworks/wujiang_sslib.framework/_CodeSignature/CodeResources ... 
2078 bytes for ./Payload/wujiangconnect.app/Frameworks/wujiang_sslib.framework/_CodeSignature/CodeResources
copying file ./Payload/wujiangconnect.app/Frameworks/wujiang_sslib.framework/LICENSE ... 
2019-05-09 08:07:53 +0000  6279 bytes for ./Payload/wujiangconnect.app/Frameworks/wujiang_sslib.framework/LICENSE
2019-05-09 08:07:53 +0000  copying file ./Payload/wujiangconnect.app/Frameworks/wujiang_sslib.framework/wujiang_sslib ... 
2019-05-09 08:07:53 +0000  2764256 bytes for ./Payload/wujiangconnect.app/Frameworks/wujiang_sslib.framework/wujiang_sslib
2019-05-09 08:07:53 +0000  copying file ./Payload/wujiangconnect.app/Frameworks/wujiang_sslib.framework/Info.plist ... 
708 bytes for ./Payload/wujiangconnect.app/Frameworks/wujiang_sslib.framework/Info.plist
copying file ./Payload/wujiangconnect.app/Frameworks/PacketProcessor.framework/_CodeSignature/CodeResources ... 
2374 bytes for ./Payload/wujiangconnect.app/Frameworks/PacketProcessor.framework/_CodeSignature/CodeResources
copying file ./Payload/wujiangconnect.app/Frameworks/PacketProcessor.framework/PacketProcessor ... 
2019-05-09 08:07:53 +0000  745472 bytes for ./Payload/wujiangconnect.app/Frameworks/PacketProcessor.framework/PacketProcessor
2019-05-09 08:07:53 +0000  copying file ./Payload/wujiangconnect.app/Frameworks/PacketProcessor.framework/addr.bproto ... 
379 bytes for ./Payload/wujiangconnect.app/Frameworks/PacketProcessor.framework/addr.bproto
copying file ./Payload/wujiangconnect.app/Frameworks/PacketProcessor.framework/msgproto.bproto ... 
1180 bytes for ./Payload/wujiangconnect.app/Frameworks/PacketProcessor.framework/msgproto.bproto
copying file ./Payload/wujiangconnect.app/Frameworks/PacketProcessor.framework/Info.plist ... 
751 bytes for ./Payload/wujiangconnect.app/Frameworks/PacketProcessor.framework/Info.plist
copying file ./Payload/wujiangconnect.app/Frameworks/CocoaAsyncSocket.framework/_CodeSignature/CodeResources ... 
1798 bytes for ./Payload/wujiangconnect.app/Frameworks/CocoaAsyncSocket.framework/_CodeSignature/CodeResources
copying file ./Payload/wujiangconnect.app/Frameworks/CocoaAsyncSocket.framework/CocoaAsyncSocket ... 
2019-05-09 08:07:53 +0000  1066784 bytes for ./Payload/wujiangconnect.app/Frameworks/CocoaAsyncSocket.framework/CocoaAsyncSocket
2019-05-09 08:07:53 +0000  copying file ./Payload/wujiangconnect.app/Frameworks/CocoaAsyncSocket.framework/Info.plist ... 
761 bytes for ./Payload/wujiangconnect.app/Frameworks/CocoaAsyncSocket.framework/Info.plist
copying file ./Payload/wujiangconnect.app/embedded.mobileprovision ... 
9900 bytes for ./Payload/wujiangconnect.app/embedded.mobileprovision
copying file ./Payload/wujiangconnect.app/YUFolding_arrow.png ... 
408 bytes for ./Payload/wujiangconnect.app/YUFolding_arrow.png
copying file ./Payload/wujiangconnect.app/Info.plist ... 
1583 bytes for ./Payload/wujiangconnect.app/Info.plist
copying file ./Payload/wujiangconnect.app/grayArrow@2x.png ... 
2019-05-09 08:07:53 +0000  1737 bytes for ./Payload/wujiangconnect.app/grayArrow@2x.png
2019-05-09 08:07:53 +0000  copying file ./Payload/wujiangconnect.app/wujiangconnect ... 
2019-05-09 08:07:53 +0000  5077808 bytes for ./Payload/wujiangconnect.app/wujiangconnect
copying file ./Payload/wujiangconnect.app/PkgInfo ... 
2019-05-09 08:07:53 +0000  8 bytes for ./Payload/wujiangconnect.app/PkgInfo
2019-05-09 08:07:53 +0000  /usr/bin/ditto exited with 0
2019-05-09 08:07:53 +0000  Processing step: IDEDistributionAppStoreInformationStep
2019-05-09 08:07:53 +0000  Skipping step: IDEDistributionAppStoreInformationStep because it said so
2019-05-09 08:07:53 +0000  Processing step: IDEDistributionCreateManifestStep
